# JRE version: OpenJDK Runtime Environment Corretto-18.0.2.9.1 (18.0.2+9) (build 18.0.2+9-FR)
# Java VM: OpenJDK 64-Bit Server VM Corretto-18.0.2.9.1 (18.0.2+9-FR, mixed mode, sharing, tiered, compressed oops, compressed class ptrs, g1 gc, windows-amd64)
GC Precious Log:
 CardTable entry size: 512
 Card Set container configuration: InlinePtr #cards 4 size 8 Array Of Cards #cards 16 size 48 Howl #buckets 8 coarsen threshold 3686 Howl Bitmap #cards 512 size 80 coarsen threshold 460 Card regions per heap region 1 cards per card region 4096
 CPUs: 8 total, 8 available
 Memory: 16075M
 Large Page Support: Disabled
 NUMA Support: Disabled
 Compressed Oops: Enabled (Zero based)
 Heap Region Size: 2M
 Heap Min Capacity: 8M
 Heap Initial Capacity: 252M
 Heap Max Capacity: 4020M
 Pre-touch: Disabled
 Parallel Workers: 8
 Concurrent Workers: 2
 Concurrent Refinement Workers: 8
 Periodic GC: Disabled
Heap:
 garbage-first heap   total 258048K, used 3835K [0x0000000704c00000, 0x0000000800000000)
  region size 2048K, 3 young (6144K), 2 survivors (4096K)
 Metaspace       used 4961K, committed 5184K, reserved 1114112K
  class space    used 245K, committed 384K, reserved 1048576K
GC Heap History (20 events):
Event: 4.190 GC heap before
{Heap before GC invocations=1 (full 0):
 garbage-first heap   total 258048K, used 39740K [0x0000000704c00000, 0x0000000800000000)
  region size 2048K, 20 young (40960K), 2 survivors (4096K)
 Metaspace       used 4722K, committed 4992K, reserved 1114112K
  class space    used 245K, committed 384K, reserved 1048576K
}
Event: 4.192 GC heap after
{Heap after GC invocations=2 (full 0):
 garbage-first heap   total 258048K, used 3630K [0x0000000704c00000, 0x0000000800000000)
  region size 2048K, 2 young (4096K), 2 survivors (4096K)
 Metaspace       used 4722K, committed 4992K, reserved 1114112K
  class space    used 245K, committed 384K, reserved 1048576K
}
Event: 9.690 GC heap before
{Heap before GC invocations=2 (full 0):
 garbage-first heap   total 258048K, used 65070K [0x0000000704c00000, 0x0000000800000000)
  region size 2048K, 32 young (65536K), 2 survivors (4096K)
 Metaspace       used 4885K, committed 5120K, reserved 1114112K
  class space    used 245K, committed 384K, reserved 1048576K
}
Event: 9.692 GC heap after
{Heap after GC invocations=3 (full 0):
 garbage-first heap   total 258048K, used 3846K [0x0000000704c00000, 0x0000000800000000)
  region size 2048K, 2 young (4096K), 2 survivors (4096K)
 Metaspace       used 4885K, committed 5120K, reserved 1114112K
  class space    used 245K, committed 384K, reserved 1048576K
}
Event: 23.259 GC heap before
{Heap before GC invocations=3 (full 0):
 garbage-first heap   total 258048K, used 153350K [0x0000000704c00000, 0x0000000800000000)
  region size 2048K, 75 young (153600K), 2 survivors (4096K)
 Metaspace       used 4956K, committed 5184K, reserved 1114112K
  class space    used 245K, committed 384K, reserved 1048576K
}
Event: 23.262 GC heap after
{Heap after GC invocations=4 (full 0):
 garbage-first heap   total 258048K, used 3915K [0x0000000704c00000, 0x0000000800000000)
  region size 2048K, 2 young (4096K), 2 survivors (4096K)
 Metaspace       used 4956K, committed 5184K, reserved 1114112K
  class space    used 245K, committed 384K, reserved 1048576K
}
Event: 36.773 GC heap before
{Heap before GC invocations=4 (full 0):
 garbage-first heap   total 258048K, used 153419K [0x0000000704c00000, 0x0000000800000000)
  region size 2048K, 75 young (153600K), 2 survivors (4096K)
 Metaspace       used 4956K, committed 5184K, reserved 1114112K
  class space    used 245K, committed 384K, reserved 1048576K
}
Event: 36.775 GC heap after
{Heap after GC invocations=5 (full 0):
 garbage-first heap   total 258048K, used 3968K [0x0000000704c00000, 0x0000000800000000)
  region size 2048K, 2 young (4096K), 2 survivors (4096K)
 Metaspace       used 4956K, committed 5184K, reserved 1114112K
  class space    used 245K, committed 384K, reserved 1048576K
}
Event: 50.300 GC heap before
{Heap before GC invocations=5 (full 0):
 garbage-first heap   total 258048K, used 153472K [0x0000000704c00000, 0x0000000800000000)
  region size 2048K, 75 young (153600K), 2 survivors (4096K)
 Metaspace       used 4958K, committed 5184K, reserved 1114112K
  class space    used 245K, committed 384K, reserved 1048576K
}
Event: 50.303 GC heap after
{Heap after GC invocations=6 (full 0):
 garbage-first heap   total 258048K, used 4048K [0x0000000704c00000, 0x0000000800000000)
  region size 2048K, 2 young (4096K), 2 survivors (4096K)
 Metaspace       used 4958K, committed 5184K, reserved 1114112K
  class space    used 245K, committed 384K, reserved 1048576K
}
Event: 63.931 GC heap before
{Heap before GC invocations=6 (full 0):
 garbage-first heap   total 258048K, used 153552K [0x0000000704c00000, 0x0000000800000000)
  region size 2048K, 75 young (153600K), 2 survivors (4096K)
 Metaspace       used 4958K, committed 5184K, reserved 1114112K
  class space    used 245K, committed 384K, reserved 1048576K
}
Event: 63.934 GC heap after
{Heap after GC invocations=7 (full 0):
 garbage-first heap   total 258048K, used 3750K [0x0000000704c00000, 0x0000000800000000)
  region size 2048K, 2 young (4096K), 2 survivors (4096K)
 Metaspace       used 4958K, committed 5184K, reserved 1114112K
  class space    used 245K, committed 384K, reserved 1048576K
}
Event: 77.466 GC heap before
{Heap before GC invocations=7 (full 0):
 garbage-first heap   total 258048K, used 153254K [0x0000000704c00000, 0x0000000800000000)
  region size 2048K, 75 young (153600K), 2 survivors (4096K)
 Metaspace       used 4958K, committed 5184K, reserved 1114112K
  class space    used 245K, committed 384K, reserved 1048576K
}
Event: 77.469 GC heap after
{Heap after GC invocations=8 (full 0):
 garbage-first heap   total 258048K, used 3944K [0x0000000704c00000, 0x0000000800000000)
  region size 2048K, 2 young (4096K), 2 survivors (4096K)
 Metaspace       used 4958K, committed 5184K, reserved 1114112K
  class space    used 245K, committed 384K, reserved 1048576K
}
Event: 90.987 GC heap before
{Heap before GC invocations=8 (full 0):
 garbage-first heap   total 258048K, used 153448K [0x0000000704c00000, 0x0000000800000000)
  region size 2048K, 75 young (153600K), 2 survivors (4096K)
 Metaspace       used 4958K, committed 5184K, reserved 1114112K
  class space    used 245K, committed 384K, reserved 1048576K
}
Event: 90.990 GC heap after
{Heap after GC invocations=9 (full 0):
 garbage-first heap   total 258048K, used 3929K [0x0000000704c00000, 0x0000000800000000)
  region size 2048K, 2 young (4096K), 2 survivors (4096K)
 Metaspace       used 4958K, committed 5184K, reserved 1114112K
  class space    used 245K, committed 384K, reserved 1048576K
}
Event: 104.507 GC heap before
{Heap before GC invocations=9 (full 0):
 garbage-first heap   total 258048K, used 153433K [0x0000000704c00000, 0x0000000800000000)
  region size 2048K, 75 young (153600K), 2 survivors (4096K)
 Metaspace       used 4958K, committed 5184K, reserved 1114112K
  class space    used 245K, committed 384K, reserved 1048576K
}
Event: 104.510 GC heap after
{Heap after GC invocations=10 (full 0):
 garbage-first heap   total 258048K, used 3907K [0x0000000704c00000, 0x0000000800000000)
  region size 2048K, 2 young (4096K), 2 survivors (4096K)
 Metaspace       used 4958K, committed 5184K, reserved 1114112K
  class space    used 245K, committed 384K, reserved 1048576K
}
Event: 118.012 GC heap before
{Heap before GC invocations=10 (full 0):
 garbage-first heap   total 258048K, used 153411K [0x0000000704c00000, 0x0000000800000000)
  region size 2048K, 75 young (153600K), 2 survivors (4096K)
 Metaspace       used 4959K, committed 5184K, reserved 1114112K
  class space    used 245K, committed 384K, reserved 1048576K
}
Event: 118.015 GC heap after
{Heap after GC invocations=11 (full 0):
 garbage-first heap   total 258048K, used 3835K [0x0000000704c00000, 0x0000000800000000)
  region size 2048K, 2 young (4096K), 2 survivors (4096K)
 Metaspace       used 4959K, committed 5184K, reserved 1114112K
  class space    used 245K, committed 384K, reserved 1048576K
}

