# JRE version: OpenJDK Runtime Environment Corretto-18.0.2.9.1 (18.0.2+9) (build 18.0.2+9-FR)
# Java VM: OpenJDK 64-Bit Server VM Corretto-18.0.2.9.1 (18.0.2+9-FR, mixed mode, sharing, tiered, compressed oops, compressed class ptrs, g1 gc, windows-amd64)
GC Precious Log:
 CardTable entry size: 512
 Card Set container configuration: InlinePtr #cards 4 size 8 Array Of Cards #cards 16 size 48 Howl #buckets 8 coarsen threshold 3686 Howl Bitmap #cards 512 size 80 coarsen threshold 460 Card regions per heap region 1 cards per card region 4096
 CPUs: 8 total, 8 available
 Memory: 16075M
 Large Page Support: Disabled
 NUMA Support: Disabled
 Compressed Oops: Enabled (Zero based)
 Heap Region Size: 2M
 Heap Min Capacity: 8M
 Heap Initial Capacity: 252M
 Heap Max Capacity: 4020M
 Pre-touch: Disabled
 Parallel Workers: 8
 Concurrent Workers: 2
 Concurrent Refinement Workers: 8
 Periodic GC: Disabled
Heap:
 garbage-first heap   total 258048K, used 110416K [0x0000000704c00000, 0x0000000800000000)
  region size 2048K, 54 young (110592K), 1 survivors (2048K)
 Metaspace       used 4836K, committed 5120K, reserved 1114112K
  class space    used 239K, committed 384K, reserved 1048576K
GC Heap History (8 events):
Event: 1.765 GC heap before
{Heap before GC invocations=0 (full 0):
 garbage-first heap   total 258048K, used 22528K [0x0000000704c00000, 0x0000000800000000)
  region size 2048K, 11 young (22528K), 0 survivors (0K)
 Metaspace       used 4489K, committed 4736K, reserved 1114112K
  class space    used 239K, committed 384K, reserved 1048576K
}
Event: 1.772 GC heap after
{Heap after GC invocations=1 (full 0):
 garbage-first heap   total 258048K, used 3833K [0x0000000704c00000, 0x0000000800000000)
  region size 2048K, 2 young (4096K), 2 survivors (4096K)
 Metaspace       used 4489K, committed 4736K, reserved 1114112K
  class space    used 239K, committed 384K, reserved 1048576K
}
Event: 4.473 GC heap before
{Heap before GC invocations=1 (full 0):
 garbage-first heap   total 258048K, used 34553K [0x0000000704c00000, 0x0000000800000000)
  region size 2048K, 17 young (34816K), 2 survivors (4096K)
 Metaspace       used 4542K, committed 4800K, reserved 1114112K
  class space    used 239K, committed 384K, reserved 1048576K
}
Event: 4.480 GC heap after
{Heap after GC invocations=2 (full 0):
 garbage-first heap   total 258048K, used 4211K [0x0000000704c00000, 0x0000000800000000)
  region size 2048K, 1 young (2048K), 1 survivors (2048K)
 Metaspace       used 4542K, committed 4800K, reserved 1114112K
  class space    used 239K, committed 384K, reserved 1048576K
}
Event: 18.485 GC heap before
{Heap before GC invocations=2 (full 0):
 garbage-first heap   total 258048K, used 155763K [0x0000000704c00000, 0x0000000800000000)
  region size 2048K, 75 young (153600K), 1 survivors (2048K)
 Metaspace       used 4831K, committed 5120K, reserved 1114112K
  class space    used 239K, committed 384K, reserved 1048576K
}
Event: 18.488 GC heap after
{Heap after GC invocations=3 (full 0):
 garbage-first heap   total 258048K, used 3940K [0x0000000704c00000, 0x0000000800000000)
  region size 2048K, 1 young (2048K), 1 survivors (2048K)
 Metaspace       used 4831K, committed 5120K, reserved 1114112K
  class space    used 239K, committed 384K, reserved 1048576K
}
Event: 32.334 GC heap before
{Heap before GC invocations=3 (full 0):
 garbage-first heap   total 258048K, used 155492K [0x0000000704c00000, 0x0000000800000000)
  region size 2048K, 75 young (153600K), 1 survivors (2048K)
 Metaspace       used 4833K, committed 5120K, reserved 1114112K
  class space    used 239K, committed 384K, reserved 1048576K
}
Event: 32.336 GC heap after
{Heap after GC invocations=4 (full 0):
 garbage-first heap   total 258048K, used 3920K [0x0000000704c00000, 0x0000000800000000)
  region size 2048K, 1 young (2048K), 1 survivors (2048K)
 Metaspace       used 4833K, committed 5120K, reserved 1114112K
  class space    used 239K, committed 384K, reserved 1048576K
}

