# JRE version: OpenJDK Runtime Environment Corretto-18.0.2.9.1 (18.0.2+9) (build 18.0.2+9-FR)
# Java VM: OpenJDK 64-Bit Server VM Corretto-18.0.2.9.1 (18.0.2+9-FR, mixed mode, sharing, tiered, compressed oops, compressed class ptrs, g1 gc, windows-amd64)
GC Precious Log:
 CardTable entry size: 512
 Card Set container configuration: InlinePtr #cards 4 size 8 Array Of Cards #cards 16 size 48 Howl #buckets 8 coarsen threshold 3686 Howl Bitmap #cards 512 size 80 coarsen threshold 460 Card regions per heap region 1 cards per card region 4096
 CPUs: 8 total, 8 available
 Memory: 16075M
 Large Page Support: Disabled
 NUMA Support: Disabled
 Compressed Oops: Enabled (Zero based)
 Heap Region Size: 2M
 Heap Min Capacity: 8M
 Heap Initial Capacity: 252M
 Heap Max Capacity: 4020M
 Pre-touch: Disabled
 Parallel Workers: 8
 Concurrent Workers: 2
 Concurrent Refinement Workers: 8
 Periodic GC: Disabled
Heap:
 garbage-first heap   total 258048K, used 151528K [0x0000000704c00000, 0x0000000800000000)
  region size 2048K, 74 young (151552K), 1 survivors (2048K)
 Metaspace       used 5080K, committed 5312K, reserved 1114112K
  class space    used 262K, committed 384K, reserved 1048576K
GC Heap History (16 events):
Event: 1.278 GC heap before
{Heap before GC invocations=0 (full 0):
 garbage-first heap   total 258048K, used 22528K [0x0000000704c00000, 0x0000000800000000)
  region size 2048K, 11 young (22528K), 0 survivors (0K)
 Metaspace       used 4436K, committed 4672K, reserved 1114112K
  class space    used 253K, committed 384K, reserved 1048576K
}
Event: 1.282 GC heap after
{Heap after GC invocations=1 (full 0):
 garbage-first heap   total 258048K, used 3860K [0x0000000704c00000, 0x0000000800000000)
  region size 2048K, 2 young (4096K), 2 survivors (4096K)
 Metaspace       used 4436K, committed 4672K, reserved 1114112K
  class space    used 253K, committed 384K, reserved 1048576K
}
Event: 3.900 GC heap before
{Heap before GC invocations=1 (full 0):
 garbage-first heap   total 258048K, used 36628K [0x0000000704c00000, 0x0000000800000000)
  region size 2048K, 18 young (36864K), 2 survivors (4096K)
 Metaspace       used 4772K, committed 4992K, reserved 1114112K
  class space    used 261K, committed 384K, reserved 1048576K
}
Event: 3.903 GC heap after
{Heap after GC invocations=2 (full 0):
 garbage-first heap   total 258048K, used 4326K [0x0000000704c00000, 0x0000000800000000)
  region size 2048K, 1 young (2048K), 1 survivors (2048K)
 Metaspace       used 4772K, committed 4992K, reserved 1114112K
  class space    used 261K, committed 384K, reserved 1048576K
}
Event: 16.345 GC heap before
{Heap before GC invocations=2 (full 0):
 garbage-first heap   total 258048K, used 155878K [0x0000000704c00000, 0x0000000800000000)
  region size 2048K, 75 young (153600K), 1 survivors (2048K)
 Metaspace       used 5074K, committed 5312K, reserved 1114112K
  class space    used 261K, committed 384K, reserved 1048576K
}
Event: 16.347 GC heap after
{Heap after GC invocations=3 (full 0):
 garbage-first heap   total 258048K, used 4122K [0x0000000704c00000, 0x0000000800000000)
  region size 2048K, 1 young (2048K), 1 survivors (2048K)
 Metaspace       used 5074K, committed 5312K, reserved 1114112K
  class space    used 261K, committed 384K, reserved 1048576K
}
Event: 28.927 GC heap before
{Heap before GC invocations=3 (full 0):
 garbage-first heap   total 258048K, used 155674K [0x0000000704c00000, 0x0000000800000000)
  region size 2048K, 75 young (153600K), 1 survivors (2048K)
 Metaspace       used 5078K, committed 5312K, reserved 1114112K
  class space    used 261K, committed 384K, reserved 1048576K
}
Event: 28.929 GC heap after
{Heap after GC invocations=4 (full 0):
 garbage-first heap   total 258048K, used 4107K [0x0000000704c00000, 0x0000000800000000)
  region size 2048K, 1 young (2048K), 1 survivors (2048K)
 Metaspace       used 5078K, committed 5312K, reserved 1114112K
  class space    used 261K, committed 384K, reserved 1048576K
}
Event: 41.516 GC heap before
{Heap before GC invocations=4 (full 0):
 garbage-first heap   total 258048K, used 155659K [0x0000000704c00000, 0x0000000800000000)
  region size 2048K, 75 young (153600K), 1 survivors (2048K)
 Metaspace       used 5078K, committed 5312K, reserved 1114112K
  class space    used 261K, committed 384K, reserved 1048576K
}
Event: 41.517 GC heap after
{Heap after GC invocations=5 (full 0):
 garbage-first heap   total 258048K, used 4063K [0x0000000704c00000, 0x0000000800000000)
  region size 2048K, 1 young (2048K), 1 survivors (2048K)
 Metaspace       used 5078K, committed 5312K, reserved 1114112K
  class space    used 261K, committed 384K, reserved 1048576K
}
Event: 53.836 GC heap before
{Heap before GC invocations=5 (full 0):
 garbage-first heap   total 258048K, used 155615K [0x0000000704c00000, 0x0000000800000000)
  region size 2048K, 75 young (153600K), 1 survivors (2048K)
 Metaspace       used 5078K, committed 5312K, reserved 1114112K
  class space    used 261K, committed 384K, reserved 1048576K
}
Event: 53.838 GC heap after
{Heap after GC invocations=6 (full 0):
 garbage-first heap   total 258048K, used 4086K [0x0000000704c00000, 0x0000000800000000)
  region size 2048K, 1 young (2048K), 1 survivors (2048K)
 Metaspace       used 5078K, committed 5312K, reserved 1114112K
  class space    used 261K, committed 384K, reserved 1048576K
}
Event: 66.502 GC heap before
{Heap before GC invocations=6 (full 0):
 garbage-first heap   total 258048K, used 155638K [0x0000000704c00000, 0x0000000800000000)
  region size 2048K, 75 young (153600K), 1 survivors (2048K)
 Metaspace       used 5078K, committed 5312K, reserved 1114112K
  class space    used 261K, committed 384K, reserved 1048576K
}
Event: 66.503 GC heap after
{Heap after GC invocations=7 (full 0):
 garbage-first heap   total 258048K, used 4072K [0x0000000704c00000, 0x0000000800000000)
  region size 2048K, 1 young (2048K), 1 survivors (2048K)
 Metaspace       used 5078K, committed 5312K, reserved 1114112K
  class space    used 261K, committed 384K, reserved 1048576K
}
Event: 79.619 GC heap before
{Heap before GC invocations=7 (full 0):
 garbage-first heap   total 258048K, used 155624K [0x0000000704c00000, 0x0000000800000000)
  region size 2048K, 75 young (153600K), 1 survivors (2048K)
 Metaspace       used 5078K, committed 5312K, reserved 1114112K
  class space    used 261K, committed 384K, reserved 1048576K
}
Event: 79.620 GC heap after
{Heap after GC invocations=8 (full 0):
 garbage-first heap   total 258048K, used 4072K [0x0000000704c00000, 0x0000000800000000)
  region size 2048K, 1 young (2048K), 1 survivors (2048K)
 Metaspace       used 5078K, committed 5312K, reserved 1114112K
  class space    used 261K, committed 384K, reserved 1048576K
}

